<?xml version="1.0" encoding="UTF-8"?>
<!-- Generated by org.testng.reporters.JUnitReportReporter -->
<testsuite skipped="0" hostname="Lenovo-PC" name="mobile.AppiumFramework.ApiDemos" tests="2" failures="0" timestamp="2020-05-12T16:17:04 IST" time="175.380" errors="0">
  <testcase name="setWIFI" time="68.347" classname="mobile.AppiumFramework.ApiDemos"/>
  <system-out/>
  <testcase name="setWIFI" time="107.033" classname="mobile.AppiumFramework.ApiDemos"/>
  <system-out/>
</testsuite> <!-- mobile.AppiumFramework.ApiDemos -->
