<?xml version="1.0" encoding="UTF-8"?>
<!-- Generated by org.testng.reporters.JUnitReportReporter -->
<testsuite skipped="0" hostname="Lenovo-PC" name="mobile.AppiumFramework.TestCase3" tests="1" failures="0" timestamp="2020-05-12T16:17:04 IST" time="210.545" errors="0">
  <testcase name="totalValidation" time="210.545" classname="mobile.AppiumFramework.TestCase3"/>
  <system-out/>
</testsuite> <!-- mobile.AppiumFramework.TestCase3 -->
