<?xml version="1.0" encoding="UTF-8"?>
<!-- Generated by org.testng.reporters.JUnitReportReporter -->
<testsuite skipped="0" hostname="Lenovo-PC" name="mobile.AppiumFramework.ApiDemos" tests="2" failures="0" timestamp="2020-05-13T15:12:07 IST" time="102.621" errors="0">
  <testcase name="setWIFI" time="41.736" classname="mobile.AppiumFramework.ApiDemos"/>
  <testcase name="setWIFI" time="60.885" classname="mobile.AppiumFramework.ApiDemos"/>
</testsuite> <!-- mobile.AppiumFramework.ApiDemos -->
