<?xml version="1.0" encoding="UTF-8"?>
<!-- Generated by org.testng.reporters.JUnitReportReporter -->
<testsuite skipped="0" hostname="Lenovo-PC" name="mobile.AppiumFramework.TestCase3" tests="1" failures="0" timestamp="2020-05-13T15:12:07 IST" time="179.194" errors="0">
  <testcase name="totalValidation" time="179.194" classname="mobile.AppiumFramework.TestCase3"/>
</testsuite> <!-- mobile.AppiumFramework.TestCase3 -->
